<?xml version="1.0" encoding="UTF-8"?>
<!-- Generated by org.testng.reporters.JUnitReportReporter -->
<testsuite hostname="SRINIVAS-G2005" failures="0" tests="1" name="testCases.LoginFunctionality" time="1.127" errors="0" timestamp="2025-07-31T21:13:59 IST" skipped="0">
  <testcase classname="testCases.LoginFunctionality" name="testInvalidLoginShowErrorMsg" time="1.127"/>
</testsuite> <!-- testCases.LoginFunctionality -->
