<?xml version="1.0" encoding="UTF-8"?>
<!-- Generated by org.testng.reporters.JUnitReportReporter -->
<testsuite hostname="SRINIVAS-G2005" failures="0" tests="4" name="testCases.LoginFunctionality" time="91.105" errors="0" timestamp="2025-07-31T22:12:01 IST" skipped="0">
  <testcase classname="testCases.LoginFunctionality" name="testLoginButtonDisabledWhenFieldAreEmpty" time="55.776"/>
  <testcase classname="testCases.LoginFunctionality" name="testPasswordMaskedbutton" time="0.449"/>
  <testcase classname="testCases.LoginFunctionality" name="testInvalidLoginShowErrorMsg" time="0.811"/>
  <testcase classname="testCases.LoginFunctionality" name="testPresenceOfUIElements" time="34.069"/>
</testsuite> <!-- testCases.LoginFunctionality -->
