<?xml version="1.0" encoding="UTF-8"?>
<!-- Generated by org.testng.reporters.JUnitReportReporter -->
<testsuite hostname="SRINIVAS-G2005" failures="0" tests="1" name="testCases.LoginFunctionality" time="0.198" errors="0" timestamp="2025-07-31T21:09:17 IST" skipped="0">
  <testcase classname="testCases.LoginFunctionality" name="testPasswordMaskedbutton" time="0.198"/>
</testsuite> <!-- testCases.LoginFunctionality -->
