<?xml version="1.0" encoding="UTF-8"?>
<!-- Generated by org.testng.reporters.JUnitReportReporter -->
<testsuite hostname="SRINIVAS-G2005" failures="0" tests="1" name="testCases.LoginFunctionality" time="1.677" errors="0" timestamp="2025-07-31T19:51:24 IST" skipped="0">
  <testcase classname="testCases.LoginFunctionality" name="testLoginButtonDisabledWhenFieldAreEmpty" time="1.677"/>
</testsuite> <!-- testCases.LoginFunctionality -->
